<?xml version="1.0" encoding="UTF-8"?>
<!-- Generated by org.testng.reporters.JUnitReportReporter -->
<testsuite hostname="TL0020" failures="0" tests="1" name="salesforce.uitestcase.TC001_Create_Lead" time="51.262" errors="0" timestamp="2025-07-09T18:31:27 IST" skipped="0">
  <testcase classname="salesforce.uitestcase.TC001_Create_Lead" name="createLeadTest" time="51.262"/>
  <system-out/>
</testsuite> <!-- salesforce.uitestcase.TC001_Create_Lead -->
